# JRE version: Java(TM) SE Runtime Environment (22.0.2+9) (build 22.0.2+9-70)
# Java VM: Java HotSpot(TM) 64-Bit Server VM (22.0.2+9-70, mixed mode, emulated-client, sharing, tiered, compressed oops, compressed class ptrs, g1 gc, windows-amd64)
GC Precious Log:
 CardTable entry size: 512
 Card Set container configuration: InlinePtr #cards 4 size 8 Array Of Cards #cards 16 size 48 Howl #buckets 8 coarsen threshold 3686 Howl Bitmap #cards 512 size 80 coarsen threshold 460 Card regions per heap region 1 cards per card region 4096
 CPUs: 8 total, 8 available
 Memory: 16122M
 Large Page Support: Disabled
 NUMA Support: Disabled
 Compressed Oops: Enabled (Zero based)
 Heap Region Size: 2M
 Heap Min Capacity: 8M
 Heap Initial Capacity: 252M
 Heap Max Capacity: 4032M
 Pre-touch: Disabled
 Parallel Workers: 8
 Concurrent Workers: 2
 Concurrent Refinement Workers: 8
 Periodic GC: Disabled
Heap:
 garbage-first heap   total reserved 4128768K, committed 157696K, used 116295K [0x0000000704000000, 0x0000000800000000)
  region size 2048K, 33 young (67584K), 2 survivors (4096K)
 Metaspace       used 97801K, committed 98752K, reserved 1179648K
  class space    used 13896K, committed 14336K, reserved 1048576K
GC Heap History (20 events):
Event: 393.369 GC heap before
{Heap before GC invocations=43 (full 1):
 garbage-first heap   total reserved 4128768K, committed 157696K, used 115976K [0x0000000704000000, 0x0000000800000000)
  region size 2048K, 33 young (67584K), 2 survivors (4096K)
 Metaspace       used 93685K, committed 95104K, reserved 1179648K
  class space    used 13490K, committed 14080K, reserved 1048576K
}
Event: 393.510 GC heap after
{Heap after GC invocations=44 (full 2):
 garbage-first heap   total reserved 4128768K, committed 157696K, used 40798K [0x0000000704000000, 0x0000000800000000)
  region size 2048K, 0 young (0K), 0 survivors (0K)
 Metaspace       used 93627K, committed 95104K, reserved 1179648K
  class space    used 13477K, committed 14080K, reserved 1048576K
}
Event: 408.306 GC heap before
{Heap before GC invocations=44 (full 2):
 garbage-first heap   total reserved 4128768K, committed 157696K, used 135006K [0x0000000704000000, 0x0000000800000000)
  region size 2048K, 46 young (94208K), 0 survivors (0K)
 Metaspace       used 94218K, committed 95232K, reserved 1179648K
  class space    used 13555K, committed 14080K, reserved 1048576K
}
Event: 408.323 GC heap after
{Heap after GC invocations=45 (full 2):
 garbage-first heap   total reserved 4128768K, committed 157696K, used 49360K [0x0000000704000000, 0x0000000800000000)
  region size 2048K, 5 young (10240K), 5 survivors (10240K)
 Metaspace       used 94218K, committed 95232K, reserved 1179648K
  class space    used 13555K, committed 14080K, reserved 1048576K
}
Event: 411.703 GC heap before
{Heap before GC invocations=46 (full 2):
 garbage-first heap   total reserved 4128768K, committed 157696K, used 129232K [0x0000000704000000, 0x0000000800000000)
  region size 2048K, 44 young (90112K), 5 survivors (10240K)
 Metaspace       used 95399K, committed 96320K, reserved 1179648K
  class space    used 13672K, committed 14080K, reserved 1048576K
}
Event: 411.724 GC heap after
{Heap after GC invocations=47 (full 2):
 garbage-first heap   total reserved 4128768K, committed 157696K, used 55074K [0x0000000704000000, 0x0000000800000000)
  region size 2048K, 4 young (8192K), 4 survivors (8192K)
 Metaspace       used 95399K, committed 96320K, reserved 1179648K
  class space    used 13672K, committed 14080K, reserved 1048576K
}
Event: 476.171 GC heap before
{Heap before GC invocations=47 (full 2):
 garbage-first heap   total reserved 4128768K, committed 157696K, used 114466K [0x0000000704000000, 0x0000000800000000)
  region size 2048K, 34 young (69632K), 4 survivors (8192K)
 Metaspace       used 95861K, committed 96832K, reserved 1179648K
  class space    used 13738K, committed 14208K, reserved 1048576K
}
Event: 476.236 GC heap after
{Heap after GC invocations=48 (full 3):
 garbage-first heap   total reserved 4128768K, committed 157696K, used 44964K [0x0000000704000000, 0x0000000800000000)
  region size 2048K, 0 young (0K), 0 survivors (0K)
 Metaspace       used 95693K, committed 96832K, reserved 1179648K
  class space    used 13699K, committed 14208K, reserved 1048576K
}
Event: 477.681 GC heap before
{Heap before GC invocations=48 (full 3):
 garbage-first heap   total reserved 4128768K, committed 157696K, used 135076K [0x0000000704000000, 0x0000000800000000)
  region size 2048K, 44 young (90112K), 0 survivors (0K)
 Metaspace       used 96173K, committed 97152K, reserved 1179648K
  class space    used 13754K, committed 14208K, reserved 1048576K
}
Event: 477.686 GC heap after
{Heap after GC invocations=49 (full 3):
 garbage-first heap   total reserved 4128768K, committed 157696K, used 51914K [0x0000000704000000, 0x0000000800000000)
  region size 2048K, 4 young (8192K), 4 survivors (8192K)
 Metaspace       used 96173K, committed 97152K, reserved 1179648K
  class space    used 13754K, committed 14208K, reserved 1048576K
}
Event: 478.398 GC heap before
{Heap before GC invocations=50 (full 3):
 garbage-first heap   total reserved 4128768K, committed 157696K, used 133834K [0x0000000704000000, 0x0000000800000000)
  region size 2048K, 44 young (90112K), 4 survivors (8192K)
 Metaspace       used 97297K, committed 98240K, reserved 1179648K
  class space    used 13857K, committed 14272K, reserved 1048576K
}
Event: 478.404 GC heap after
{Heap after GC invocations=51 (full 3):
 garbage-first heap   total reserved 4128768K, committed 157696K, used 56761K [0x0000000704000000, 0x0000000800000000)
  region size 2048K, 3 young (6144K), 3 survivors (6144K)
 Metaspace       used 97297K, committed 98240K, reserved 1179648K
  class space    used 13857K, committed 14272K, reserved 1048576K
}
Event: 580.395 GC heap before
{Heap before GC invocations=51 (full 3):
 garbage-first heap   total reserved 4128768K, committed 157696K, used 136633K [0x0000000704000000, 0x0000000800000000)
  region size 2048K, 42 young (86016K), 3 survivors (6144K)
 Metaspace       used 97630K, committed 98560K, reserved 1179648K
  class space    used 13900K, committed 14336K, reserved 1048576K
}
Event: 580.401 GC heap after
{Heap after GC invocations=52 (full 3):
 garbage-first heap   total reserved 4128768K, committed 157696K, used 59096K [0x0000000704000000, 0x0000000800000000)
  region size 2048K, 4 young (8192K), 4 survivors (8192K)
 Metaspace       used 97630K, committed 98560K, reserved 1179648K
  class space    used 13900K, committed 14336K, reserved 1048576K
}
Event: 653.403 GC heap before
{Heap before GC invocations=52 (full 3):
 garbage-first heap   total reserved 4128768K, committed 157696K, used 87768K [0x0000000704000000, 0x0000000800000000)
  region size 2048K, 19 young (38912K), 4 survivors (8192K)
 Metaspace       used 97645K, committed 98624K, reserved 1179648K
  class space    used 13904K, committed 14336K, reserved 1048576K
}
Event: 653.413 GC heap after
{Heap after GC invocations=53 (full 3):
 garbage-first heap   total reserved 4128768K, committed 157696K, used 58951K [0x0000000704000000, 0x0000000800000000)
  region size 2048K, 2 young (4096K), 2 survivors (4096K)
 Metaspace       used 97645K, committed 98624K, reserved 1179648K
  class space    used 13904K, committed 14336K, reserved 1048576K
}
Event: 887.419 GC heap before
{Heap before GC invocations=54 (full 3):
 garbage-first heap   total reserved 4128768K, committed 157696K, used 136775K [0x0000000704000000, 0x0000000800000000)
  region size 2048K, 41 young (83968K), 2 survivors (4096K)
 Metaspace       used 97444K, committed 98624K, reserved 1179648K
  class space    used 13849K, committed 14336K, reserved 1048576K
}
Event: 887.421 GC heap after
{Heap after GC invocations=55 (full 3):
 garbage-first heap   total reserved 4128768K, committed 157696K, used 59327K [0x0000000704000000, 0x0000000800000000)
  region size 2048K, 2 young (4096K), 2 survivors (4096K)
 Metaspace       used 97444K, committed 98624K, reserved 1179648K
  class space    used 13849K, committed 14336K, reserved 1048576K
}
Event: 1102.474 GC heap before
{Heap before GC invocations=55 (full 3):
 garbage-first heap   total reserved 4128768K, committed 157696K, used 139199K [0x0000000704000000, 0x0000000800000000)
  region size 2048K, 41 young (83968K), 2 survivors (4096K)
 Metaspace       used 97651K, committed 98688K, reserved 1179648K
  class space    used 13882K, committed 14336K, reserved 1048576K
}
Event: 1102.476 GC heap after
{Heap after GC invocations=56 (full 3):
 garbage-first heap   total reserved 4128768K, committed 157696K, used 54855K [0x0000000704000000, 0x0000000800000000)
  region size 2048K, 2 young (4096K), 2 survivors (4096K)
 Metaspace       used 97651K, committed 98688K, reserved 1179648K
  class space    used 13882K, committed 14336K, reserved 1048576K
}

