# JRE version: Java(TM) SE Runtime Environment (22.0.2+9) (build 22.0.2+9-70)
# Java VM: Java HotSpot(TM) 64-Bit Server VM (22.0.2+9-70, mixed mode, emulated-client, sharing, tiered, compressed oops, compressed class ptrs, g1 gc, windows-amd64)
GC Precious Log:
 CardTable entry size: 512
 Card Set container configuration: InlinePtr #cards 4 size 8 Array Of Cards #cards 16 size 48 Howl #buckets 8 coarsen threshold 3686 Howl Bitmap #cards 512 size 80 coarsen threshold 460 Card regions per heap region 1 cards per card region 4096
 CPUs: 8 total, 8 available
 Memory: 16122M
 Large Page Support: Disabled
 NUMA Support: Disabled
 Compressed Oops: Enabled (Zero based)
 Heap Region Size: 2M
 Heap Min Capacity: 8M
 Heap Initial Capacity: 252M
 Heap Max Capacity: 4032M
 Pre-touch: Disabled
 Parallel Workers: 8
 Concurrent Workers: 2
 Concurrent Refinement Workers: 8
 Periodic GC: Disabled
Heap:
 garbage-first heap   total reserved 4128768K, committed 151552K, used 51158K [0x0000000704000000, 0x0000000800000000)
  region size 2048K, 7 young (14336K), 2 survivors (4096K)
 Metaspace       used 90781K, committed 91584K, reserved 1179648K
  class space    used 13080K, committed 13440K, reserved 1048576K
GC Heap History (20 events):
Event: 3409.469 GC heap before
{Heap before GC invocations=52 (full 2):
 garbage-first heap   total reserved 4128768K, committed 143360K, used 123381K [0x0000000704000000, 0x0000000800000000)
  region size 2048K, 42 young (86016K), 3 survivors (6144K)
 Metaspace       used 90097K, committed 91264K, reserved 1179648K
  class space    used 12957K, committed 13440K, reserved 1048576K
}
Event: 3409.472 GC heap after
{Heap after GC invocations=53 (full 2):
 garbage-first heap   total reserved 4128768K, committed 143360K, used 43504K [0x0000000704000000, 0x0000000800000000)
  region size 2048K, 3 young (6144K), 3 survivors (6144K)
 Metaspace       used 90097K, committed 91264K, reserved 1179648K
  class space    used 12957K, committed 13440K, reserved 1048576K
}
Event: 3792.598 GC heap before
{Heap before GC invocations=54 (full 2):
 garbage-first heap   total reserved 4128768K, committed 143360K, used 123376K [0x0000000704000000, 0x0000000800000000)
  region size 2048K, 42 young (86016K), 3 survivors (6144K)
 Metaspace       used 90100K, committed 91264K, reserved 1179648K
  class space    used 12958K, committed 13440K, reserved 1048576K
}
Event: 3792.601 GC heap after
{Heap after GC invocations=55 (full 2):
 garbage-first heap   total reserved 4128768K, committed 143360K, used 44350K [0x0000000704000000, 0x0000000800000000)
  region size 2048K, 3 young (6144K), 3 survivors (6144K)
 Metaspace       used 90100K, committed 91264K, reserved 1179648K
  class space    used 12958K, committed 13440K, reserved 1048576K
}
Event: 4201.004 GC heap before
{Heap before GC invocations=55 (full 2):
 garbage-first heap   total reserved 4128768K, committed 143360K, used 124222K [0x0000000704000000, 0x0000000800000000)
  region size 2048K, 42 young (86016K), 3 survivors (6144K)
 Metaspace       used 90100K, committed 91264K, reserved 1179648K
  class space    used 12958K, committed 13440K, reserved 1048576K
}
Event: 4201.008 GC heap after
{Heap after GC invocations=56 (full 2):
 garbage-first heap   total reserved 4128768K, committed 143360K, used 43446K [0x0000000704000000, 0x0000000800000000)
  region size 2048K, 3 young (6144K), 3 survivors (6144K)
 Metaspace       used 90100K, committed 91264K, reserved 1179648K
  class space    used 12958K, committed 13440K, reserved 1048576K
}
Event: 4596.456 GC heap before
{Heap before GC invocations=56 (full 2):
 garbage-first heap   total reserved 4128768K, committed 143360K, used 123318K [0x0000000704000000, 0x0000000800000000)
  region size 2048K, 42 young (86016K), 3 survivors (6144K)
 Metaspace       used 90106K, committed 91264K, reserved 1179648K
  class space    used 12959K, committed 13440K, reserved 1048576K
}
Event: 4596.459 GC heap after
{Heap after GC invocations=57 (full 2):
 garbage-first heap   total reserved 4128768K, committed 143360K, used 43627K [0x0000000704000000, 0x0000000800000000)
  region size 2048K, 3 young (6144K), 3 survivors (6144K)
 Metaspace       used 90106K, committed 91264K, reserved 1179648K
  class space    used 12959K, committed 13440K, reserved 1048576K
}
Event: 5019.840 GC heap before
{Heap before GC invocations=58 (full 2):
 garbage-first heap   total reserved 4128768K, committed 143360K, used 123499K [0x0000000704000000, 0x0000000800000000)
  region size 2048K, 42 young (86016K), 3 survivors (6144K)
 Metaspace       used 90114K, committed 91264K, reserved 1179648K
  class space    used 12961K, committed 13440K, reserved 1048576K
}
Event: 5019.845 GC heap after
{Heap after GC invocations=59 (full 2):
 garbage-first heap   total reserved 4128768K, committed 143360K, used 43516K [0x0000000704000000, 0x0000000800000000)
  region size 2048K, 3 young (6144K), 3 survivors (6144K)
 Metaspace       used 90114K, committed 91264K, reserved 1179648K
  class space    used 12961K, committed 13440K, reserved 1048576K
}
Event: 5414.826 GC heap before
{Heap before GC invocations=59 (full 2):
 garbage-first heap   total reserved 4128768K, committed 143360K, used 123388K [0x0000000704000000, 0x0000000800000000)
  region size 2048K, 42 young (86016K), 3 survivors (6144K)
 Metaspace       used 90132K, committed 91264K, reserved 1179648K
  class space    used 12966K, committed 13440K, reserved 1048576K
}
Event: 5414.830 GC heap after
{Heap after GC invocations=60 (full 2):
 garbage-first heap   total reserved 4128768K, committed 143360K, used 42661K [0x0000000704000000, 0x0000000800000000)
  region size 2048K, 3 young (6144K), 3 survivors (6144K)
 Metaspace       used 90132K, committed 91264K, reserved 1179648K
  class space    used 12966K, committed 13440K, reserved 1048576K
}
Event: 5788.610 GC heap before
{Heap before GC invocations=60 (full 2):
 garbage-first heap   total reserved 4128768K, committed 143360K, used 122533K [0x0000000704000000, 0x0000000800000000)
  region size 2048K, 42 young (86016K), 3 survivors (6144K)
 Metaspace       used 90135K, committed 91264K, reserved 1179648K
  class space    used 12967K, committed 13440K, reserved 1048576K
}
Event: 5788.615 GC heap after
{Heap after GC invocations=61 (full 2):
 garbage-first heap   total reserved 4128768K, committed 143360K, used 43155K [0x0000000704000000, 0x0000000800000000)
  region size 2048K, 3 young (6144K), 3 survivors (6144K)
 Metaspace       used 90135K, committed 91264K, reserved 1179648K
  class space    used 12967K, committed 13440K, reserved 1048576K
}
Event: 6207.265 GC heap before
{Heap before GC invocations=62 (full 2):
 garbage-first heap   total reserved 4128768K, committed 143360K, used 123027K [0x0000000704000000, 0x0000000800000000)
  region size 2048K, 42 young (86016K), 3 survivors (6144K)
 Metaspace       used 90219K, committed 91264K, reserved 1179648K
  class space    used 12988K, committed 13440K, reserved 1048576K
}
Event: 6207.304 GC heap after
{Heap after GC invocations=63 (full 2):
 garbage-first heap   total reserved 4128768K, committed 172032K, used 42965K [0x0000000704000000, 0x0000000800000000)
  region size 2048K, 1 young (2048K), 1 survivors (2048K)
 Metaspace       used 90219K, committed 91264K, reserved 1179648K
  class space    used 12988K, committed 13440K, reserved 1048576K
}
Event: 6726.362 GC heap before
{Heap before GC invocations=63 (full 2):
 garbage-first heap   total reserved 4128768K, committed 172032K, used 143317K [0x0000000704000000, 0x0000000800000000)
  region size 2048K, 50 young (102400K), 1 survivors (2048K)
 Metaspace       used 90234K, committed 91264K, reserved 1179648K
  class space    used 12992K, committed 13440K, reserved 1048576K
}
Event: 6726.366 GC heap after
{Heap after GC invocations=64 (full 2):
 garbage-first heap   total reserved 4128768K, committed 172032K, used 42166K [0x0000000704000000, 0x0000000800000000)
  region size 2048K, 1 young (2048K), 1 survivors (2048K)
 Metaspace       used 90234K, committed 91264K, reserved 1179648K
  class space    used 12992K, committed 13440K, reserved 1048576K
}
Event: 7194.719 GC heap before
{Heap before GC invocations=64 (full 2):
 garbage-first heap   total reserved 4128768K, committed 172032K, used 140470K [0x0000000704000000, 0x0000000800000000)
  region size 2048K, 50 young (102400K), 1 survivors (2048K)
 Metaspace       used 90719K, committed 91520K, reserved 1179648K
  class space    used 13086K, committed 13440K, reserved 1048576K
}
Event: 7194.722 GC heap after
{Heap after GC invocations=65 (full 2):
 garbage-first heap   total reserved 4128768K, committed 172032K, used 42966K [0x0000000704000000, 0x0000000800000000)
  region size 2048K, 2 young (4096K), 2 survivors (4096K)
 Metaspace       used 90719K, committed 91520K, reserved 1179648K
  class space    used 13086K, committed 13440K, reserved 1048576K
}

